
Feb  3 12:52:12 RPi2 ovpn-rpi2[368]: WARNING: file 'rpi2.key' is group or others accessible
Feb  3 12:52:12 RPi2 ovpn-rpi2[368]: WARNING: file 'ta.key' is group or others accessible
Feb  3 12:52:12 RPi2 ovpn-rpi2[368]: OpenVPN 2.4.7 arm-unknown-linux-gnueabihf [SSL (OpenSSL)] [LZO] [LZ4] [EPOLL] [PKCS11] [MH/PKTINFO] [AEAD] built on Apr 28 2021
Feb  3 12:52:12 RPi2 ovpn-rpi2[368]: library versions: OpenSSL 1.1.1d  10 Sep 2019, LZO 2.10
Feb  3 12:52:12 RPi2 ovpn-rpi2[368]: WARNING: --ns-cert-type is DEPRECATED.  Use --remote-cert-tls instead.
Feb  3 12:52:12 RPi2 ovpn-rpi2[368]: Outgoing Control Channel Authentication: Using 160 bit message hash 'SHA1' for HMAC authentication
Feb  3 12:52:12 RPi2 ovpn-rpi2[368]: Incoming Control Channel Authentication: Using 160 bit message hash 'SHA1' for HMAC authentication
Feb  3 12:52:12 RPi2 ovpn-rpi2[368]: RESOLVE: Cannot resolve host address: teplo.sumdu.edu.ua:1194 (Temporary failure in name resolution)
Feb  3 12:52:12 RPi2 ovpn-rpi2[368]: RESOLVE: Cannot resolve host address: teplo.sumdu.edu.ua:1194 (Temporary failure in name resolution)
Feb  3 12:52:12 RPi2 ovpn-rpi2[368]: Could not determine IPv4/IPv6 protocol
Feb  3 12:52:12 RPi2 ovpn-rpi2[368]: SIGUSR1[soft,init_instance] received, process restarting
Feb  3 12:52:12 RPi2 ovpn-rpi2[368]: Restart pause, 5 second(s)

Feb  3 12:52:17 RPi2 ovpn-rpi2[368]: WARNING: --ns-cert-type is DEPRECATED.  Use --remote-cert-tls instead.
Feb  3 12:52:17 RPi2 ovpn-rpi2[368]: Outgoing Control Channel Authentication: Using 160 bit message hash 'SHA1' for HMAC authentication
Feb  3 12:52:17 RPi2 ovpn-rpi2[368]: Incoming Control Channel Authentication: Using 160 bit message hash 'SHA1' for HMAC authentication
Feb  3 12:52:17 RPi2 ovpn-rpi2[368]: RESOLVE: Cannot resolve host address: teplo.sumdu.edu.ua:1194 (Temporary failure in name resolution)
Feb  3 12:52:17 RPi2 ovpn-rpi2[368]: RESOLVE: Cannot resolve host address: teplo.sumdu.edu.ua:1194 (Temporary failure in name resolution)
Feb  3 12:52:17 RPi2 ovpn-rpi2[368]: Could not determine IPv4/IPv6 protocol
Feb  3 12:52:17 RPi2 ovpn-rpi2[368]: SIGUSR1[soft,init_instance] received, process restarting
Feb  3 12:52:17 RPi2 ovpn-rpi2[368]: Restart pause, 5 second(s)

Feb  3 12:52:22 RPi2 ovpn-rpi2[368]: WARNING: --ns-cert-type is DEPRECATED.  Use --remote-cert-tls instead.
Feb  3 12:52:22 RPi2 ovpn-rpi2[368]: Outgoing Control Channel Authentication: Using 160 bit message hash 'SHA1' for HMAC authentication
Feb  3 12:52:22 RPi2 ovpn-rpi2[368]: Incoming Control Channel Authentication: Using 160 bit message hash 'SHA1' for HMAC authentication
Feb  3 12:52:22 RPi2 ovpn-rpi2[368]: RESOLVE: Cannot resolve host address: teplo.sumdu.edu.ua:1194 (Temporary failure in name resolution)
Feb  3 12:52:22 RPi2 ovpn-rpi2[368]: RESOLVE: Cannot resolve host address: teplo.sumdu.edu.ua:1194 (Temporary failure in name resolution)
Feb  3 12:52:22 RPi2 ovpn-rpi2[368]: Could not determine IPv4/IPv6 protocol
Feb  3 12:52:22 RPi2 ovpn-rpi2[368]: SIGUSR1[soft,init_instance] received, process restarting
Feb  3 12:52:22 RPi2 ovpn-rpi2[368]: Restart pause, 5 second(s)
Feb  3 12:52:27 RPi2 ovpn-rpi2[368]: WARNING: --ns-cert-type is DEPRECATED.  Use --remote-cert-tls instead.
Feb  3 12:52:27 RPi2 ovpn-rpi2[368]: Outgoing Control Channel Authentication: Using 160 bit message hash 'SHA1' for HMAC authentication
Feb  3 12:52:27 RPi2 ovpn-rpi2[368]: Incoming Control Channel Authentication: Using 160 bit message hash 'SHA1' for HMAC authentication
Feb  3 12:52:27 RPi2 ovpn-rpi2[368]: RESOLVE: Cannot resolve host address: teplo.sumdu.edu.ua:1194 (Temporary failure in name resolution)
Feb  3 12:52:27 RPi2 ovpn-rpi2[368]: RESOLVE: Cannot resolve host address: teplo.sumdu.edu.ua:1194 (Temporary failure in name resolution)
Feb  3 12:52:27 RPi2 ovpn-rpi2[368]: Could not determine IPv4/IPv6 protocol
Feb  3 12:52:27 RPi2 ovpn-rpi2[368]: SIGUSR1[soft,init_instance] received, process restarting
Feb  3 12:52:27 RPi2 ovpn-rpi2[368]: Restart pause, 5 second(s)
Feb  3 12:52:32 RPi2 ovpn-rpi2[368]: WARNING: --ns-cert-type is DEPRECATED.  Use --remote-cert-tls instead.
Feb  3 12:52:32 RPi2 ovpn-rpi2[368]: Outgoing Control Channel Authentication: Using 160 bit message hash 'SHA1' for HMAC authentication
Feb  3 12:52:32 RPi2 ovpn-rpi2[368]: Incoming Control Channel Authentication: Using 160 bit message hash 'SHA1' for HMAC authentication
Feb  3 12:52:32 RPi2 ovpn-rpi2[368]: RESOLVE: Cannot resolve host address: teplo.sumdu.edu.ua:1194 (Temporary failure in name resolution)
Feb  3 12:52:32 RPi2 ovpn-rpi2[368]: RESOLVE: Cannot resolve host address: teplo.sumdu.edu.ua:1194 (Temporary failure in name resolution)
Feb  3 12:52:32 RPi2 ovpn-rpi2[368]: Could not determine IPv4/IPv6 protocol
Feb  3 12:52:32 RPi2 ovpn-rpi2[368]: SIGUSR1[soft,init_instance] received, process restarting
Feb  3 12:52:32 RPi2 ovpn-rpi2[368]: Restart pause, 10 second(s)

Feb  3 12:52:42 RPi2 ovpn-rpi2[368]: WARNING: --ns-cert-type is DEPRECATED.  Use --remote-cert-tls instead.
Feb  3 12:52:42 RPi2 ovpn-rpi2[368]: Outgoing Control Channel Authentication: Using 160 bit message hash 'SHA1' for HMAC authentication
Feb  3 12:52:42 RPi2 ovpn-rpi2[368]: Incoming Control Channel Authentication: Using 160 bit message hash 'SHA1' for HMAC authentication
Feb  3 12:52:52 RPi2 ovpn-rpi2[368]: TCP/UDP: Preserving recently used remote address: [AF_INET]10.0.0.1:1194
Feb  3 12:52:52 RPi2 ovpn-rpi2[368]: Socket Buffers: R=[180224->180224] S=[180224->180224]
Feb  3 12:52:52 RPi2 ovpn-rpi2[368]: UDPv4 link local (bound): [AF_INET][undef]:1194
Feb  3 12:52:52 RPi2 ovpn-rpi2[368]: UDPv4 link remote: [AF_INET]10.0.0.1:1194
Feb  3 12:53:52 RPi2 ovpn-rpi2[368]: [UNDEF] Inactivity timeout (--ping-restart), restarting
Feb  3 12:53:52 RPi2 ovpn-rpi2[368]: SIGUSR1[soft,ping-restart] received, process restarting
Feb  3 12:53:52 RPi2 ovpn-rpi2[368]: Restart pause, 20 second(s)
Feb  3 12:54:12 RPi2 ovpn-rpi2[368]: WARNING: --ns-cert-type is DEPRECATED.  Use --remote-cert-tls instead.
Feb  3 12:54:12 RPi2 ovpn-rpi2[368]: Outgoing Control Channel Authentication: Using 160 bit message hash 'SHA1' for HMAC authentication
Feb  3 12:54:12 RPi2 ovpn-rpi2[368]: Incoming Control Channel Authentication: Using 160 bit message hash 'SHA1' for HMAC authentication
Feb  3 12:54:32 RPi2 ovpn-rpi2[368]: RESOLVE: Cannot resolve host address: teplo.sumdu.edu.ua:1194 (Temporary failure in name resolution)
Feb  3 12:54:52 RPi2 ovpn-rpi2[368]: RESOLVE: Cannot resolve host address: teplo.sumdu.edu.ua:1194 (Temporary failure in name resolution)
Feb  3 12:54:52 RPi2 ovpn-rpi2[368]: Could not determine IPv4/IPv6 protocol
Feb  3 12:54:52 RPi2 ovpn-rpi2[368]: SIGUSR1[soft,init_instance] received, process restarting
Feb  3 12:54:52 RPi2 ovpn-rpi2[368]: Restart pause, 40 second(s)

Feb  3 12:55:32 RPi2 ovpn-rpi2[368]: WARNING: --ns-cert-type is DEPRECATED.  Use --remote-cert-tls instead.
Feb  3 12:55:32 RPi2 ovpn-rpi2[368]: Outgoing Control Channel Authentication: Using 160 bit message hash 'SHA1' for HMAC authentication
Feb  3 12:55:32 RPi2 ovpn-rpi2[368]: Incoming Control Channel Authentication: Using 160 bit message hash 'SHA1' for HMAC authentication
Feb  3 12:55:32 RPi2 ovpn-rpi2[368]: RESOLVE: Cannot resolve host address: teplo.sumdu.edu.ua:1194 (Temporary failure in name resolution)
Feb  3 12:55:32 RPi2 ovpn-rpi2[368]: RESOLVE: Cannot resolve host address: teplo.sumdu.edu.ua:1194 (Temporary failure in name resolution)
Feb  3 12:55:32 RPi2 ovpn-rpi2[368]: Could not determine IPv4/IPv6 protocol
Feb  3 12:55:32 RPi2 ovpn-rpi2[368]: SIGUSR1[soft,init_instance] received, process restarting
Feb  3 12:55:32 RPi2 ovpn-rpi2[368]: Restart pause, 80 second(s)

Feb  3 12:56:52 RPi2 ovpn-rpi2[368]: WARNING: --ns-cert-type is DEPRECATED.  Use --remote-cert-tls instead.
Feb  3 12:56:52 RPi2 ovpn-rpi2[368]: Outgoing Control Channel Authentication: Using 160 bit message hash 'SHA1' for HMAC authentication
Feb  3 12:56:52 RPi2 ovpn-rpi2[368]: Incoming Control Channel Authentication: Using 160 bit message hash 'SHA1' for HMAC authentication
Feb  3 12:56:52 RPi2 ovpn-rpi2[368]: TCP/UDP: Preserving recently used remote address: [AF_INET]193.34.92.167:1194
Feb  3 12:56:52 RPi2 ovpn-rpi2[368]: Socket Buffers: R=[180224->180224] S=[180224->180224]
Feb  3 12:56:52 RPi2 ovpn-rpi2[368]: UDPv4 link local (bound): [AF_INET][undef]:1194
Feb  3 12:56:52 RPi2 ovpn-rpi2[368]: UDPv4 link remote: [AF_INET]193.34.92.167:1194
Feb  3 12:56:52 RPi2 ovpn-rpi2[368]: TLS: Initial packet from [AF_INET]193.34.92.167:1194, sid=db72f5d3 af9821ea
Feb  3 12:56:52 RPi2 ovpn-rpi2[368]: VERIFY OK: depth=1, CN=teplo
Feb  3 12:56:52 RPi2 ovpn-rpi2[368]: VERIFY OK: nsCertType=SERVER
Feb  3 12:56:52 RPi2 ovpn-rpi2[368]: VERIFY OK: depth=0, CN=server
Feb  3 12:56:52 RPi2 ovpn-rpi2[368]: Control Channel: TLSv1.3, cipher TLSv1.3 TLS_AES_256_GCM_SHA384, 2048 bit RSA
Feb  3 12:56:52 RPi2 ovpn-rpi2[368]: [server] Peer Connection Initiated with [AF_INET]193.34.92.167:1194
Feb  3 12:56:53 RPi2 ovpn-rpi2[368]: SENT CONTROL [server]: 'PUSH_REQUEST' (status=1)
Feb  3 12:56:56 RPi2 ovpn-rpi2[368]: PUSH: Received control message: 'PUSH_REPLY,topology subnet,route-gateway 192.168.10.1,topology subnet,ping 10,ping-restart 120,ifconfig 192.168.10.8 255.255.255.0,peer-id 1,cipher AES-256-GCM'
Feb  3 12:56:56 RPi2 ovpn-rpi2[368]: OPTIONS IMPORT: timers and/or timeouts modified
Feb  3 12:56:56 RPi2 ovpn-rpi2[368]: OPTIONS IMPORT: --ifconfig/up options modified
Feb  3 12:56:56 RPi2 ovpn-rpi2[368]: OPTIONS IMPORT: route-related options modified
Feb  3 12:56:56 RPi2 ovpn-rpi2[368]: OPTIONS IMPORT: peer-id set
Feb  3 12:56:56 RPi2 ovpn-rpi2[368]: OPTIONS IMPORT: adjusting link_mtu to 1624
Feb  3 12:56:56 RPi2 ovpn-rpi2[368]: OPTIONS IMPORT: data channel crypto options modified
Feb  3 12:56:56 RPi2 ovpn-rpi2[368]: Outgoing Data Channel: Cipher 'AES-256-GCM' initialized with 256 bit key
Feb  3 12:56:56 RPi2 ovpn-rpi2[368]: Incoming Data Channel: Cipher 'AES-256-GCM' initialized with 256 bit key
Feb  3 12:56:56 RPi2 ovpn-rpi2[368]: TUN/TAP device tun0 opened
Feb  3 12:56:56 RPi2 ovpn-rpi2[368]: TUN/TAP TX queue length set to 100
Feb  3 12:56:56 RPi2 ovpn-rpi2[368]: /sbin/ip link set dev tun0 up mtu 1500
Feb  3 12:56:56 RPi2 ovpn-rpi2[368]: /sbin/ip addr add dev tun0 192.168.10.8/24 broadcast 192.168.10.255
Feb  3 12:56:59 RPi2 ovpn-rpi2[368]: Initialization Sequence Completed

Feb  3 12:58:45 RPi2 ovpn-rpi2[368]: write UDPv4: Network is unreachable (code=101)
Feb  3 12:58:55 RPi2 ovpn-rpi2[368]: write UDPv4: Network is unreachable (code=101)
Feb  3 12:58:58 RPi2 ovpn-rpi2[368]: write UDPv4: Network is unreachable (code=101)
Feb  3 12:59:08 RPi2 ovpn-rpi2[368]: write UDPv4: Network is unreachable (code=101)

Feb  3 12:59:48 RPi2 ovpn-rpi2[368]: AEAD Decrypt error: cipher final failed
Feb  3 12:59:59 RPi2 ovpn-rpi2[368]: AEAD Decrypt error: cipher final failed
Feb  3 13:00:09 RPi2 ovpn-rpi2[368]: AEAD Decrypt error: cipher final failed
Feb  3 13:00:18 RPi2 ovpn-rpi2[368]: AEAD Decrypt error: cipher final failed
Feb  3 13:00:28 RPi2 ovpn-rpi2[368]: AEAD Decrypt error: cipher final failed
Feb  3 13:00:28 RPi2 ovpn-rpi2[368]: [server] Inactivity timeout (--ping-restart), restarting
Feb  3 13:00:28 RPi2 ovpn-rpi2[368]: Closing TUN/TAP interface
Feb  3 13:00:28 RPi2 ovpn-rpi2[368]: /sbin/ip addr del dev tun0 192.168.10.8/24
Feb  3 13:00:28 RPi2 ovpn-rpi2[368]: SIGUSR1[soft,ping-restart] received, process restarting
Feb  3 13:00:28 RPi2 ovpn-rpi2[368]: Restart pause, 5 second(s)
Feb  3 13:00:33 RPi2 ovpn-rpi2[368]: WARNING: --ns-cert-type is DEPRECATED.  Use --remote-cert-tls instead.
Feb  3 13:00:33 RPi2 ovpn-rpi2[368]: Outgoing Control Channel Authentication: Using 160 bit message hash 'SHA1' for HMAC authentication
Feb  3 13:00:33 RPi2 ovpn-rpi2[368]: Incoming Control Channel Authentication: Using 160 bit message hash 'SHA1' for HMAC authentication
Feb  3 13:00:33 RPi2 ovpn-rpi2[368]: TCP/UDP: Preserving recently used remote address: [AF_INET]193.34.92.167:1194
Feb  3 13:00:33 RPi2 ovpn-rpi2[368]: Socket Buffers: R=[180224->180224] S=[180224->180224]
Feb  3 13:00:33 RPi2 ovpn-rpi2[368]: UDPv4 link local (bound): [AF_INET][undef]:1194
Feb  3 13:00:33 RPi2 ovpn-rpi2[368]: UDPv4 link remote: [AF_INET]193.34.92.167:1194
Feb  3 13:00:33 RPi2 ovpn-rpi2[368]: TLS: Initial packet from [AF_INET]193.34.92.167:1194, sid=e6fa7d17 7a538549
Feb  3 13:00:33 RPi2 ovpn-rpi2[368]: VERIFY OK: depth=1, CN=teplo
Feb  3 13:00:33 RPi2 ovpn-rpi2[368]: VERIFY OK: nsCertType=SERVER
Feb  3 13:00:33 RPi2 ovpn-rpi2[368]: VERIFY OK: depth=0, CN=server
Feb  3 13:00:34 RPi2 ovpn-rpi2[368]: Control Channel: TLSv1.3, cipher TLSv1.3 TLS_AES_256_GCM_SHA384, 2048 bit RSA
Feb  3 13:00:34 RPi2 ovpn-rpi2[368]: [server] Peer Connection Initiated with [AF_INET]193.34.92.167:1194
Feb  3 13:00:35 RPi2 ovpn-rpi2[368]: SENT CONTROL [server]: 'PUSH_REQUEST' (status=1)






ТУТ ОШИБКА ПЕРЕПОДКЛЮЧЕНИЯ

Feb  3 13:00:35 RPi2 ovpn-rpi2[368]: AUTH: Received control message: AUTH_FAILED
Feb  3 13:00:35 RPi2 ovpn-rpi2[368]: SIGTERM[soft,auth-failure] received, process exiting
